# JRE version: 7.0_05-b05
# Java VM: Java HotSpot(TM) Server VM (23.1-b03 mixed mode windows-x86 )
Heap
 PSYoungGen      total 251840K, used 12378K [0x348d0000, 0x448d0000, 0x448d0000)
  eden space 241344K, 3% used [0x348d0000,0x350b3c98,0x43480000)
  from space 10496K, 40% used [0x43e90000,0x442c2ec8,0x448d0000)
  to   space 10304K, 0% used [0x43480000,0x43480000,0x43e90000)
 ParOldGen       total 524288K, used 214105K [0x148d0000, 0x348d0000, 0x348d0000)
  object space 524288K, 40% used [0x148d0000,0x219e6600,0x348d0000)
 PSPermGen       total 262144K, used 75289K [0x048d0000, 0x148d0000, 0x148d0000)
  object space 262144K, 28% used [0x048d0000,0x09256780,0x148d0000)
GC Heap History (10 events):
Event: 1599.444 GC heap before
{Heap before GC invocations=52 (full 0):
 PSYoungGen      total 251072K, used 243233K [0x348d0000, 0x448d0000, 0x448d0000)
  eden space 240512K, 98% used [0x348d0000,0x430f98e0,0x433b0000)
  from space 10560K, 52% used [0x433b0000,0x4390eb40,0x43e00000)
  to   space 10240K, 0% used [0x43ed0000,0x43ed0000,0x448d0000)
 ParOldGen       total 524288K, used 193625K [0x148d0000, 0x348d0000, 0x348d0000)
  object space 524288K, 36% used [0x148d0000,0x205e65d8,0x348d0000)
 PSPermGen       total 262144K, used 71058K [0x048d0000, 0x148d0000, 0x148d0000)
  object space 262144K, 27% used [0x048d0000,0x08e348d8,0x148d0000)
Event: 1599.479 GC heap after
Heap after GC invocations=52 (full 0):
 PSYoungGen      total 252224K, used 5385K [0x348d0000, 0x448d0000, 0x448d0000)
  eden space 241984K, 0% used [0x348d0000,0x348d0000,0x43520000)
  from space 10240K, 52% used [0x43ed0000,0x44412488,0x448d0000)
  to   space 9920K, 0% used [0x43520000,0x43520000,0x43ed0000)
 ParOldGen       total 524288K, used 197222K [0x148d0000, 0x348d0000, 0x348d0000)
  object space 524288K, 37% used [0x148d0000,0x20969900,0x348d0000)
 PSPermGen       total 262144K, used 71058K [0x048d0000, 0x148d0000, 0x148d0000)
  object space 262144K, 27% used [0x048d0000,0x08e348d8,0x148d0000)
}
Event: 1599.981 GC heap before
{Heap before GC invocations=53 (full 0):
 PSYoungGen      total 252224K, used 247369K [0x348d0000, 0x448d0000, 0x448d0000)
  eden space 241984K, 100% used [0x348d0000,0x43520000,0x43520000)
  from space 10240K, 52% used [0x43ed0000,0x44412488,0x448d0000)
  to   space 9920K, 0% used [0x43520000,0x43520000,0x43ed0000)
 ParOldGen       total 524288K, used 197222K [0x148d0000, 0x348d0000, 0x348d0000)
  object space 524288K, 37% used [0x148d0000,0x20969900,0x348d0000)
 PSPermGen       total 262144K, used 72747K [0x048d0000, 0x148d0000, 0x148d0000)
  object space 262144K, 27% used [0x048d0000,0x08fdaf78,0x148d0000)
Event: 1600.003 GC heap after
Heap after GC invocations=53 (full 0):
 PSYoungGen      total 251904K, used 4117K [0x348d0000, 0x448d0000, 0x448d0000)
  eden space 241984K, 0% used [0x348d0000,0x348d0000,0x43520000)
  from space 9920K, 41% used [0x43520000,0x43925740,0x43ed0000)
  to   space 9856K, 0% used [0x43f30000,0x43f30000,0x448d0000)
 ParOldGen       total 524288K, used 201921K [0x148d0000, 0x348d0000, 0x348d0000)
  object space 524288K, 38% used [0x148d0000,0x20e005c8,0x348d0000)
 PSPermGen       total 262144K, used 72747K [0x048d0000, 0x148d0000, 0x148d0000)
  object space 262144K, 27% used [0x048d0000,0x08fdaf78,0x148d0000)
}
Event: 1675.384 GC heap before
{Heap before GC invocations=54 (full 0):
 PSYoungGen      total 251904K, used 246101K [0x348d0000, 0x448d0000, 0x448d0000)
  eden space 241984K, 100% used [0x348d0000,0x43520000,0x43520000)
  from space 9920K, 41% used [0x43520000,0x43925740,0x43ed0000)
  to   space 9856K, 0% used [0x43f30000,0x43f30000,0x448d0000)
 ParOldGen       total 524288K, used 201921K [0x148d0000, 0x348d0000, 0x348d0000)
  object space 524288K, 38% used [0x148d0000,0x20e005c8,0x348d0000)
 PSPermGen       total 262144K, used 74828K [0x048d0000, 0x148d0000, 0x148d0000)
  object space 262144K, 28% used [0x048d0000,0x091e3348,0x148d0000)
Event: 1675.411 GC heap after
Heap after GC invocations=54 (full 0):
 PSYoungGen      total 251008K, used 8638K [0x348d0000, 0x448d0000, 0x448d0000)
  eden space 241152K, 0% used [0x348d0000,0x348d0000,0x43450000)
  from space 9856K, 87% used [0x43f30000,0x4479fbc0,0x448d0000)
  to   space 10496K, 0% used [0x43450000,0x43450000,0x43e90000)
 ParOldGen       total 524288K, used 205491K [0x148d0000, 0x348d0000, 0x348d0000)
  object space 524288K, 39% used [0x148d0000,0x2117cf98,0x348d0000)
 PSPermGen       total 262144K, used 74828K [0x048d0000, 0x148d0000, 0x148d0000)
  object space 262144K, 28% used [0x048d0000,0x091e3348,0x148d0000)
}
Event: 1723.557 GC heap before
{Heap before GC invocations=55 (full 0):
 PSYoungGen      total 251008K, used 249790K [0x348d0000, 0x448d0000, 0x448d0000)
  eden space 241152K, 100% used [0x348d0000,0x43450000,0x43450000)
  from space 9856K, 87% used [0x43f30000,0x4479fbc0,0x448d0000)
  to   space 10496K, 0% used [0x43450000,0x43450000,0x43e90000)
 ParOldGen       total 524288K, used 205491K [0x148d0000, 0x348d0000, 0x348d0000)
  object space 524288K, 39% used [0x148d0000,0x2117cf98,0x348d0000)
 PSPermGen       total 262144K, used 75148K [0x048d0000, 0x148d0000, 0x148d0000)
  object space 262144K, 28% used [0x048d0000,0x092333b8,0x148d0000)
Event: 1723.584 GC heap after
Heap after GC invocations=55 (full 0):
 PSYoungGen      total 251648K, used 3585K [0x348d0000, 0x448d0000, 0x448d0000)
  eden space 241152K, 0% used [0x348d0000,0x348d0000,0x43450000)
  from space 10496K, 34% used [0x43450000,0x437d0580,0x43e90000)
  to   space 10496K, 0% used [0x43e90000,0x43e90000,0x448d0000)
 ParOldGen       total 524288K, used 212860K [0x148d0000, 0x348d0000, 0x348d0000)
  object space 524288K, 40% used [0x148d0000,0x218af2e0,0x348d0000)
 PSPermGen       total 262144K, used 75148K [0x048d0000, 0x148d0000, 0x148d0000)
  object space 262144K, 28% used [0x048d0000,0x092333b8,0x148d0000)
}
Event: 1730.478 GC heap before
{Heap before GC invocations=56 (full 0):
 PSYoungGen      total 251648K, used 244737K [0x348d0000, 0x448d0000, 0x448d0000)
  eden space 241152K, 100% used [0x348d0000,0x43450000,0x43450000)
  from space 10496K, 34% used [0x43450000,0x437d0580,0x43e90000)
  to   space 10496K, 0% used [0x43e90000,0x43e90000,0x448d0000)
 ParOldGen       total 524288K, used 212860K [0x148d0000, 0x348d0000, 0x348d0000)
  object space 524288K, 40% used [0x148d0000,0x218af2e0,0x348d0000)
 PSPermGen       total 262144K, used 75289K [0x048d0000, 0x148d0000, 0x148d0000)
  object space 262144K, 28% used [0x048d0000,0x09256690,0x148d0000)
Event: 1730.495 GC heap after
Heap after GC invocations=56 (full 0):
 PSYoungGen      total 251840K, used 4299K [0x348d0000, 0x448d0000, 0x448d0000)
  eden space 241344K, 0% used [0x348d0000,0x348d0000,0x43480000)
  from space 10496K, 40% used [0x43e90000,0x442c2ec8,0x448d0000)
  to   space 10304K, 0% used [0x43480000,0x43480000,0x43e90000)
 ParOldGen       total 524288K, used 214105K [0x148d0000, 0x348d0000, 0x348d0000)
  object space 524288K, 40% used [0x148d0000,0x219e6600,0x348d0000)
 PSPermGen       total 262144K, used 75289K [0x048d0000, 0x148d0000, 0x148d0000)
  object space 262144K, 28% used [0x048d0000,0x09256690,0x148d0000)
}

